<?xml version="1.0" encoding="UTF-8"?>
<coverage generated="1742838773836" clover="3.2.0">
  <project timestamp="1742838773837" name="All files">
    <metrics statements="17" coveredstatements="3" conditionals="2" coveredconditionals="1" methods="2" coveredmethods="1" elements="21" coveredelements="5" complexity="0" loc="17" ncloc="17" packages="1" files="2" classes="2"/>
    <file name="basicFunctions.ts" path="/home/usuario/prct08-filesystem-funko-app-alu0101560205/src/basicFunctions.ts">
      <metrics statements="3" coveredstatements="3" conditionals="1" coveredconditionals="1" methods="1" coveredmethods="1"/>
      <line num="11" count="1" type="cond" truecount="1" falsecount="0"/>
      <line num="12" count="2" type="stmt"/>
      <line num="13" count="2" type="stmt"/>
    </file>
    <file name="index.ts" path="/home/usuario/prct08-filesystem-funko-app-alu0101560205/src/index.ts">
      <metrics statements="14" coveredstatements="0" conditionals="1" coveredconditionals="0" methods="1" coveredmethods="0"/>
      <line num="1" count="0" type="cond" truecount="0" falsecount="1"/>
      <line num="2" count="0" type="stmt"/>
      <line num="3" count="0" type="stmt"/>
      <line num="4" count="0" type="stmt"/>
      <line num="5" count="0" type="stmt"/>
      <line num="6" count="0" type="stmt"/>
      <line num="7" count="0" type="stmt"/>
      <line num="8" count="0" type="stmt"/>
      <line num="9" count="0" type="stmt"/>
      <line num="10" count="0" type="stmt"/>
      <line num="11" count="0" type="stmt"/>
      <line num="13" count="0" type="stmt"/>
      <line num="14" count="0" type="stmt"/>
      <line num="15" count="0" type="stmt"/>
    </file>
  </project>
</coverage>
